[2026-06-22T04:55:52.557Z] GET https://apps.apple.com/us/app/elsa-speak-english-accent/id1063930719 → 429 (167ms, 2346B)
[2026-06-22T04:55:52.734Z] GET https://apps.apple.com/assets/index~jBQ4a9Hq11.js → 200 (102ms, 627542B)
[2026-06-22T04:55:52.734Z] GET https://apps.apple.com/assets/index~C2_89FGXSA.css → 200 (18ms, 50339B)
[2026-06-22T04:55:52.871Z] GET https://apps.apple.com/assets/index~C16D7IckKX.js → 200 (14ms, 6374B)
[2026-06-22T04:55:52.871Z] GET https://apps.apple.com/assets/version~BNUm1OH-k3.js → 200 (15ms, 10379B)
[2026-06-22T04:55:52.871Z] GET https://apps.apple.com/assets/mt-metricskit-processor-performance.esm~DkXX2A9AZP.js → 200 (19ms, 6077B)
[2026-06-22T04:55:52.872Z] GET https://apps.apple.com/assets/mt-metricskit-utils-private.esm~CDqqwoYlNJ.js → 200 (20ms, 6004B)
[2026-06-22T04:55:52.872Z] GET https://apps.apple.com/assets/ae-client-kit-core.esm~DklA9FNpxf.js → 200 (21ms, 8738B)
[2026-06-22T04:55:52.872Z] GET https://apps.apple.com/assets/mt-client-logger-core.esm~DFLHsSWhNI.js → 200 (21ms, 2632B)
[2026-06-22T04:55:52.872Z] GET https://apps.apple.com/assets/mt-metricskit-delegates-web.esm~ClYcKItzp7.js → 200 (22ms, 8040B)
[2026-06-22T04:55:52.872Z] GET https://apps.apple.com/assets/mt-metricskit-processor-clickstream.esm~IYQks-N6hE.js → 200 (22ms, 7347B)
[2026-06-22T04:55:52.872Z] GET https://apps.apple.com/assets/translations~BzKKKIykwv.js → 200 (27ms, 39306B)
[2026-06-22T04:55:52.886Z] GET https://apps.apple.com/assets/index~BRTBTu87nN.js → 200 (132ms, 74259B)
[2026-06-22T04:55:52.895Z] GET https://xp.apple.com/config/1/report/xp_amp_appstore_perf → 200 (229ms, 1025B)
[2026-06-22T04:55:52.896Z] GET https://xp.apple.com/config/1/report/xp_amp_appstore_unidentified → 200 (200ms, 1604B)
[2026-06-22T04:55:52.983Z] GET https://www.apple.com/wss/fonts?families=SF+Pro,v4%7CSF+Pro+Icons,v1&display=swap → 200 (50ms, 1230B)
[2026-06-22T04:55:52.984Z] GET https://apps.apple.com/assets/icons/sidebar-searchfield-close-on-light.svg → 200 (1ms, 1121B)
[2026-06-22T04:55:52.984Z] GET https://apps.apple.com/assets/fonts/locale-switcher/ArabicUIText-Regular-subset.woff2 → 200 (33ms, 10844B)
[2026-06-22T04:55:52.984Z] GET https://apps.apple.com/api/apps/v1/catalog/us/apps/1063930719?platform=web&additionalPlatforms=appletv%2Cipad%2Ciphone%2Cmac%2CrealityDevice%2Cwatch&extend=accessibility%2CaccessibilityDetails%2CageRating%2CbackgroundAssetsInfo%2CbackgroundAssetsInfoWithOptional%2CcustomArtwork%2CcustomDeepLink%2CcustomIconArtwork%2CcustomPromotionalText%2CcustomScreenshotsByType%2CcustomVideoPreviewsByType%2Cdescription%2CexpectedReleaseDateDisplayFormat%2CfileSizeByDevice%2CgameDisplayName%2CiconArtwork%2CinstallSizeByDeviceInBytes%2CmacRequiredCapabilities%2CmedicalDeviceInfo%2CmessagesScreenshots%2CminiGamesDeepLink%2CminimumOSVersion%2Cprivacy%2CprivacyDetails%2CprivacyPolicyUrl%2CremoteControllerRequirement%2CrequirementsByDeviceFamily%2CsupportURLForLanguage%2CsupportedGameCenterFeatures%2CsupportsFunCamera%2CsupportsSharePlay%2CversionHistory%2CwebsiteUrl&extend%5Bapps%5D=distributionKind%2CisVerifiedForAppleSiliconMac&extend%5Bapp-events%5D=description%2CproductArtwork%2CproductVideo&include=alternate-apps%2Capp-bundles%2Ccustomers-also-bought-apps%2Cdeveloper%2Cdeveloper-other-apps%2Cmerchandised-in-apps%2Crelated-editorial-items%2Creviews&include%5Bapps%5D=app-events&views=top-in-app-purchasables&availableIn%5Bapp-events%5D=future&sparseLimit%5Bapps%3Acustomers-also-bought-apps%5D=40&sparseLimit%5Bapps%3Adeveloper-other-apps%5D=40&sparseLimit%5Bapps%3Arelated-editorial-items%5D=40&limit%5Breviews%5D=8&l=en-US → 404 (82ms, 1241B)
[2026-06-22T04:55:53.078Z] GET https://apps.apple.com/api/apps/v1/editorial/us/collections/1842456901/contents?platform=web&extend%5Beditorial-items%5D=editorialArtwork&extend%5Beditorial-pages%5D=editorialArtwork&sparseLimit%5Bcard-contents%5D=0&previewPlatform=iphone&l=en-US → 200 (18ms, 7965B)
[2026-06-22T04:55:53.103Z] GET https://is1-ssl.mzstatic.com/image/thumb/Features211/v4/78/61/b9/7861b9d5-8999-25f6-303d-08bf6112f2ce/f26de0fd-1ba0-4cbf-8c76-33fb0fbfeb16.png/40x40bb.webp → 200 (85ms, 4697B)
[2026-06-22T04:55:53.103Z] GET https://is1-ssl.mzstatic.com/image/thumb/Features221/v4/dc/5c/56/dc5c5645-7397-d0f8-b36f-ad91054fdb93/c31e44f2-1f97-4f5a-8629-16eaa60cbd5f.png/40x40bb.webp → 200 (85ms, 4560B)
[2026-06-22T04:55:53.104Z] GET https://is1-ssl.mzstatic.com/image/thumb/Features211/v4/20/ca/47/20ca479c-d4ef-49b7-84aa-6afb1018cb08/7998d3a4-33e3-4abd-9f8b-4d50b60a6a7b.png/40x40bb.webp → 200 (86ms, 1803B)
[2026-06-22T04:55:53.104Z] GET https://is1-ssl.mzstatic.com/image/thumb/Features211/v4/8f/12/b1/8f12b11b-6d84-be31-448b-9a1a8e70823d/49f6ac0a-e911-4ec3-babc-69d92f5749a0.png/40x40bb.webp → 200 (79ms, 1472B)
[2026-06-22T04:55:53.104Z] GET https://is1-ssl.mzstatic.com/image/thumb/Features211/v4/6f/ab/1a/6fab1a47-81a1-2602-113f-e858e458d3dc/df14443a-6b5d-4e5a-8301-01aed86e3024.png/40x40bb.webp → 200 (79ms, 5026B)
[2026-06-22T04:55:53.104Z] GET https://is1-ssl.mzstatic.com/image/thumb/Features211/v4/e4/ea/0a/e4ea0a97-9d12-cd3f-c0d2-9e7e34222e6e/aec56635-f46c-4f90-bbae-7f4abf2fc8ec.png/40x40bb.webp → 200 (79ms, 5190B)
[2026-06-22T04:55:53.104Z] GET https://is1-ssl.mzstatic.com/image/thumb/Features211/v4/56/4d/c3/564dc32e-ba9f-2447-4f06-b2a35bc180d3/15bbc0c7-668b-4a40-b331-8465451c5198.png/40x40bb.webp → 200 (84ms, 1506B)
[2026-06-22T04:55:53.104Z] GET https://is1-ssl.mzstatic.com/image/thumb/Features211/v4/4a/b4/95/4ab4951e-bcd2-df10-7c0c-b439c2a026af/31bf5127-cb13-4bcf-b995-5360bd8a9bc0.png/40x40bb.webp → 200 (84ms, 1666B)
[2026-06-22T04:55:53.104Z] GET https://is1-ssl.mzstatic.com/image/thumb/Features211/v4/7c/75/34/7c7534e2-4d79-2c32-f06b-3225f7ee7517/2efd3a78-2b87-4808-a1d0-e018fd628a4e.png/40x40bb.webp → 200 (82ms, 4589B)
[2026-06-22T04:55:57.541Z] GET https://www.reddit.com/r/languagelearning/search/?q=ELSA+speak+review&sort=top → 200 (88ms, 9372B)
[2026-06-22T04:55:57.649Z] GET https://www.reddit.com/r/languagelearning/search/?solution=f0eee97bb9717ce2f0eee97bb9717ce2&js_challenge=1&token=7afd7253fec22262ff1c52b1703fe9ec44316fced59298093df0b0589989a0f4&jsc_orig_r=&q=ELSA+speak+review&sort=top → 403 (51ms, 190141B)
